Determining if the Q_WS_WIN exist failed with the following output:
Change Dir: /home/huang/workspace/nodemcu/esp8266_exp/esp8266_rtos_sdk/TCP_Server_Demo/cutecom-0.22.0/CMakeFiles/CMakeTmp

Run Build Command:"/usr/bin/make" "cmTC_63143/fast"
/usr/bin/make -f CMakeFiles/cmTC_63143.dir/build.make CMakeFiles/cmTC_63143.dir/build
make[1]: Entering directory '/home/huang/workspace/nodemcu/esp8266_exp/esp8266_rtos_sdk/TCP_Server_Demo/cutecom-0.22.0/CMakeFiles/CMakeTmp'
Building CXX object CMakeFiles/cmTC_63143.dir/CheckSymbolExists.cxx.o
/usr/bin/c++    -I/usr/include/qt4   -o CMakeFiles/cmTC_63143.dir/CheckSymbolExists.cxx.o -c /home/huang/workspace/nodemcu/esp8266_exp/esp8266_rtos_sdk/TCP_Server_Demo/cutecom-0.22.0/CMakeFiles/CMakeTmp/CheckSymbolExists.cxx
/home/huang/workspace/nodemcu/esp8266_exp/esp8266_rtos_sdk/TCP_Server_Demo/cutecom-0.22.0/CMakeFiles/CMakeTmp/CheckSymbolExists.cxx: In function ‘int main(int, char**)’:
/home/huang/workspace/nodemcu/esp8266_exp/esp8266_rtos_sdk/TCP_Server_Demo/cutecom-0.22.0/CMakeFiles/CMakeTmp/CheckSymbolExists.cxx:8:19: error: ‘Q_WS_WIN’ was not declared in this scope
   return ((int*)(&Q_WS_WIN))[argc];
                   ^
CMakeFiles/cmTC_63143.dir/build.make:65: recipe for target 'CMakeFiles/cmTC_63143.dir/CheckSymbolExists.cxx.o' failed
make[1]: *** [CMakeFiles/cmTC_63143.dir/CheckSymbolExists.cxx.o] Error 1
make[1]: Leaving directory '/home/huang/workspace/nodemcu/esp8266_exp/esp8266_rtos_sdk/TCP_Server_Demo/cutecom-0.22.0/CMakeFiles/CMakeTmp'
Makefile:126: recipe for target 'cmTC_63143/fast' failed
make: *** [cmTC_63143/fast] Error 2

File /home/huang/workspace/nodemcu/esp8266_exp/esp8266_rtos_sdk/TCP_Server_Demo/cutecom-0.22.0/CMakeFiles/CMakeTmp/CheckSymbolExists.cxx:
/* */
#include <QtCore/qglobal.h>

int main(int argc, char** argv)
{
  (void)argv;
#ifndef Q_WS_WIN
  return ((int*)(&Q_WS_WIN))[argc];
#else
  (void)argc;
  return 0;
#endif
}

Determining if the Q_WS_QWS exist failed with the following output:
Change Dir: /home/huang/workspace/nodemcu/esp8266_exp/esp8266_rtos_sdk/TCP_Server_Demo/cutecom-0.22.0/CMakeFiles/CMakeTmp

Run Build Command:"/usr/bin/make" "cmTC_f28e1/fast"
/usr/bin/make -f CMakeFiles/cmTC_f28e1.dir/build.make CMakeFiles/cmTC_f28e1.dir/build
make[1]: Entering directory '/home/huang/workspace/nodemcu/esp8266_exp/esp8266_rtos_sdk/TCP_Server_Demo/cutecom-0.22.0/CMakeFiles/CMakeTmp'
Building CXX object CMakeFiles/cmTC_f28e1.dir/CheckSymbolExists.cxx.o
/usr/bin/c++    -I/usr/include/qt4   -o CMakeFiles/cmTC_f28e1.dir/CheckSymbolExists.cxx.o -c /home/huang/workspace/nodemcu/esp8266_exp/esp8266_rtos_sdk/TCP_Server_Demo/cutecom-0.22.0/CMakeFiles/CMakeTmp/CheckSymbolExists.cxx
/home/huang/workspace/nodemcu/esp8266_exp/esp8266_rtos_sdk/TCP_Server_Demo/cutecom-0.22.0/CMakeFiles/CMakeTmp/CheckSymbolExists.cxx: In function ‘int main(int, char**)’:
/home/huang/workspace/nodemcu/esp8266_exp/esp8266_rtos_sdk/TCP_Server_Demo/cutecom-0.22.0/CMakeFiles/CMakeTmp/CheckSymbolExists.cxx:8:19: error: ‘Q_WS_QWS’ was not declared in this scope
   return ((int*)(&Q_WS_QWS))[argc];
                   ^
CMakeFiles/cmTC_f28e1.dir/build.make:65: recipe for target 'CMakeFiles/cmTC_f28e1.dir/CheckSymbolExists.cxx.o' failed
make[1]: *** [CMakeFiles/cmTC_f28e1.dir/CheckSymbolExists.cxx.o] Error 1
make[1]: Leaving directory '/home/huang/workspace/nodemcu/esp8266_exp/esp8266_rtos_sdk/TCP_Server_Demo/cutecom-0.22.0/CMakeFiles/CMakeTmp'
Makefile:126: recipe for target 'cmTC_f28e1/fast' failed
make: *** [cmTC_f28e1/fast] Error 2

File /home/huang/workspace/nodemcu/esp8266_exp/esp8266_rtos_sdk/TCP_Server_Demo/cutecom-0.22.0/CMakeFiles/CMakeTmp/CheckSymbolExists.cxx:
/* */
#include <QtCore/qglobal.h>

int main(int argc, char** argv)
{
  (void)argv;
#ifndef Q_WS_QWS
  return ((int*)(&Q_WS_QWS))[argc];
#else
  (void)argc;
  return 0;
#endif
}

Determining if the Q_WS_MAC exist failed with the following output:
Change Dir: /home/huang/workspace/nodemcu/esp8266_exp/esp8266_rtos_sdk/TCP_Server_Demo/cutecom-0.22.0/CMakeFiles/CMakeTmp

Run Build Command:"/usr/bin/make" "cmTC_060de/fast"
/usr/bin/make -f CMakeFiles/cmTC_060de.dir/build.make CMakeFiles/cmTC_060de.dir/build
make[1]: Entering directory '/home/huang/workspace/nodemcu/esp8266_exp/esp8266_rtos_sdk/TCP_Server_Demo/cutecom-0.22.0/CMakeFiles/CMakeTmp'
Building CXX object CMakeFiles/cmTC_060de.dir/CheckSymbolExists.cxx.o
/usr/bin/c++    -I/usr/include/qt4   -o CMakeFiles/cmTC_060de.dir/CheckSymbolExists.cxx.o -c /home/huang/workspace/nodemcu/esp8266_exp/esp8266_rtos_sdk/TCP_Server_Demo/cutecom-0.22.0/CMakeFiles/CMakeTmp/CheckSymbolExists.cxx
/home/huang/workspace/nodemcu/esp8266_exp/esp8266_rtos_sdk/TCP_Server_Demo/cutecom-0.22.0/CMakeFiles/CMakeTmp/CheckSymbolExists.cxx: In function ‘int main(int, char**)’:
/home/huang/workspace/nodemcu/esp8266_exp/esp8266_rtos_sdk/TCP_Server_Demo/cutecom-0.22.0/CMakeFiles/CMakeTmp/CheckSymbolExists.cxx:8:19: error: ‘Q_WS_MAC’ was not declared in this scope
   return ((int*)(&Q_WS_MAC))[argc];
                   ^
CMakeFiles/cmTC_060de.dir/build.make:65: recipe for target 'CMakeFiles/cmTC_060de.dir/CheckSymbolExists.cxx.o' failed
make[1]: *** [CMakeFiles/cmTC_060de.dir/CheckSymbolExists.cxx.o] Error 1
make[1]: Leaving directory '/home/huang/workspace/nodemcu/esp8266_exp/esp8266_rtos_sdk/TCP_Server_Demo/cutecom-0.22.0/CMakeFiles/CMakeTmp'
Makefile:126: recipe for target 'cmTC_060de/fast' failed
make: *** [cmTC_060de/fast] Error 2

File /home/huang/workspace/nodemcu/esp8266_exp/esp8266_rtos_sdk/TCP_Server_Demo/cutecom-0.22.0/CMakeFiles/CMakeTmp/CheckSymbolExists.cxx:
/* */
#include <QtCore/qglobal.h>

int main(int argc, char** argv)
{
  (void)argv;
#ifndef Q_WS_MAC
  return ((int*)(&Q_WS_MAC))[argc];
#else
  (void)argc;
  return 0;
#endif
}

